2023-01-14 17:25:22,964:INFO:PyCaret Supervised Module
2023-01-14 17:25:22,968:INFO:ML Usecase: clustering
2023-01-14 17:25:22,969:INFO:version 2.3.10
2023-01-14 17:25:22,969:INFO:Initializing setup()
2023-01-14 17:25:22,969:INFO:setup(target=None, ml_usecase=clustering, available_plots={'cluster': 'Cluster PCA Plot (2d)', 'tsne': 'Cluster TSnE (3d)', 'elbow': 'Elbow', 'silhouette': 'Silhouette', 'distance': 'Distance', 'distribution': 'Distribution'}, train_size=0.7, test_data=None, preprocess=True, imputation_type=simple, iterative_imputation_iters=5, categorical_features=None, categorical_imputation=mode, categorical_iterative_imputer=lightgbm, ordinal_features=None, high_cardinality_features=None, high_cardinality_method=frequency, numeric_features=None, numeric_imputation=mean, numeric_iterative_imputer=lightgbm, date_features=None, ignore_features=None, normalize=True, normalize_method=zscore, transformation=False, transformation_method=yeo-johnson, handle_unknown_categorical=True, unknown_categorical_method=least_frequent, pca=False, pca_method=linear, pca_components=None, ignore_low_variance=False, combine_rare_levels=False, rare_level_threshold=0.1, bin_numeric_features=None, remove_outliers=False, outliers_threshold=0.05, remove_multicollinearity=False, multicollinearity_threshold=0.9, remove_perfect_collinearity=False, create_clusters=False, cluster_iter=20, polynomial_features=False, polynomial_degree=2, trigonometry_features=False, polynomial_threshold=0.1, group_features=None, group_names=None, feature_selection=False, feature_selection_threshold=0.8, feature_selection_method=classic, feature_interaction=False, feature_ratio=False, interaction_threshold=0.01, fix_imbalance=False, fix_imbalance_method=None, transform_target=False, transform_target_method=box-cox, data_split_shuffle=False, data_split_stratify=False, fold_strategy=kfold, fold=10, fold_shuffle=False, fold_groups=None, n_jobs=-1, use_gpu=False, custom_pipeline=None, html=True, session_id=None, log_experiment=False, experiment_name=None, experiment_custom_tags=None, log_plots=False, log_profile=False, log_data=False, silent=False, verbose=True, profile=False, profile_kwargs=None, display=None)
2023-01-14 17:25:22,970:INFO:Checking environment
2023-01-14 17:25:22,970:INFO:python_version: 3.8.15
2023-01-14 17:25:22,970:INFO:python_build: ('default', 'Nov 22 2022 08:42:03')
2023-01-14 17:25:22,970:INFO:machine: AMD64
2023-01-14 17:25:22,970:INFO:platform: Windows-10-10.0.19044-SP0
2023-01-14 17:25:23,042:INFO:Memory: svmem(total=8438841344, available=1036730368, percent=87.7, used=7402110976, free=1036730368)
2023-01-14 17:25:23,043:INFO:Physical Core: 4
2023-01-14 17:25:23,043:INFO:Logical Core: 8
2023-01-14 17:25:23,043:INFO:Checking libraries
2023-01-14 17:25:23,043:INFO:pd==1.5.2
2023-01-14 17:25:23,043:INFO:numpy==1.20.3
2023-01-14 17:25:23,043:INFO:sklearn==0.23.2
2023-01-14 17:25:23,044:INFO:lightgbm==3.3.4
2023-01-14 17:25:23,047:WARNING:catboost not found
2023-01-14 17:25:23,048:WARNING:xgboost not found
2023-01-14 17:25:23,049:INFO:mlflow==2.1.1
2023-01-14 17:25:23,049:INFO:Checking Exceptions
2023-01-14 17:25:23,049:INFO:Declaring global variables
2023-01-14 17:25:23,284:INFO:USI: 2f0c
2023-01-14 17:25:23,285:INFO:pycaret_globals: {'_all_models_internal', 'data_before_preprocess', 'n_jobs_param', 'seed', '_gpu_n_jobs_param', 'pycaret_globals', '_ml_usecase', '_all_models', 'prep_pipe', 'exp_name_log', 'fold_groups_param_full', 'transform_target_method_param', '_available_plots', 'fix_imbalance_param', '_internal_pipeline', 'stratify_param', 'log_plots_param', 'X', 'html_param', 'fold_groups_param', 'create_model_container', 'gpu_param', 'USI', 'target_param', '_all_metrics', 'imputation_regressor', 'fold_shuffle_param', 'fold_param', 'master_model_container', 'experiment__', 'iterative_imputation_iters_param', 'fold_generator', 'logging_param', 'transform_target_param', 'imputation_classifier', 'display_container', 'fix_imbalance_method_param', 'dashboard_logger'}
2023-01-14 17:25:23,285:INFO:Preparing display monitor
2023-01-14 17:25:23,285:INFO:Preparing display monitor
2023-01-14 17:25:23,312:INFO:Importing libraries
2023-01-14 17:25:23,313:INFO:Copying data for preprocessing
2023-01-14 17:25:23,469:INFO:Declaring preprocessing parameters
2023-01-14 17:25:23,708:INFO:Creating preprocessing pipeline
2023-01-14 17:25:23,950:INFO:Preprocessing pipeline created successfully
2023-01-14 17:25:23,950:ERROR:(Process Exit): setup has been interupted with user command 'quit'. setup must rerun.
2023-01-14 17:25:23,950:INFO:Creating global containers
2023-01-14 17:25:23,985:INFO:Internal pipeline: Pipeline(memory=None, steps=[('empty_step', 'passthrough')], verbose=False)
2023-01-14 18:20:51,400:INFO:PyCaret Supervised Module
2023-01-14 18:20:51,401:INFO:ML Usecase: clustering
2023-01-14 18:20:51,402:INFO:version 2.3.10
2023-01-14 18:20:51,402:INFO:Initializing setup()
2023-01-14 18:20:51,402:INFO:setup(target=None, ml_usecase=clustering, available_plots={'cluster': 'Cluster PCA Plot (2d)', 'tsne': 'Cluster TSnE (3d)', 'elbow': 'Elbow', 'silhouette': 'Silhouette', 'distance': 'Distance', 'distribution': 'Distribution'}, train_size=0.7, test_data=None, preprocess=True, imputation_type=simple, iterative_imputation_iters=5, categorical_features=None, categorical_imputation=mode, categorical_iterative_imputer=lightgbm, ordinal_features=None, high_cardinality_features=None, high_cardinality_method=frequency, numeric_features=None, numeric_imputation=mean, numeric_iterative_imputer=lightgbm, date_features=None, ignore_features=['Row ID'], normalize=True, normalize_method=zscore, transformation=False, transformation_method=yeo-johnson, handle_unknown_categorical=True, unknown_categorical_method=least_frequent, pca=False, pca_method=linear, pca_components=None, ignore_low_variance=False, combine_rare_levels=False, rare_level_threshold=0.1, bin_numeric_features=None, remove_outliers=False, outliers_threshold=0.05, remove_multicollinearity=False, multicollinearity_threshold=0.9, remove_perfect_collinearity=False, create_clusters=False, cluster_iter=20, polynomial_features=False, polynomial_degree=2, trigonometry_features=False, polynomial_threshold=0.1, group_features=None, group_names=None, feature_selection=False, feature_selection_threshold=0.8, feature_selection_method=classic, feature_interaction=False, feature_ratio=False, interaction_threshold=0.01, fix_imbalance=False, fix_imbalance_method=None, transform_target=False, transform_target_method=box-cox, data_split_shuffle=False, data_split_stratify=False, fold_strategy=kfold, fold=10, fold_shuffle=False, fold_groups=None, n_jobs=-1, use_gpu=False, custom_pipeline=None, html=True, session_id=None, log_experiment=False, experiment_name=None, experiment_custom_tags=None, log_plots=False, log_profile=False, log_data=False, silent=False, verbose=True, profile=False, profile_kwargs=None, display=None)
2023-01-14 18:20:51,402:INFO:Checking environment
2023-01-14 18:20:51,402:INFO:python_version: 3.8.15
2023-01-14 18:20:51,402:INFO:python_build: ('default', 'Nov 22 2022 08:42:03')
2023-01-14 18:20:51,402:INFO:machine: AMD64
2023-01-14 18:20:51,402:INFO:platform: Windows-10-10.0.19044-SP0
2023-01-14 18:20:51,405:INFO:Memory: svmem(total=8438841344, available=1866907648, percent=77.9, used=6571933696, free=1866907648)
2023-01-14 18:20:51,406:INFO:Physical Core: 4
2023-01-14 18:20:51,406:INFO:Logical Core: 8
2023-01-14 18:20:51,406:INFO:Checking libraries
2023-01-14 18:20:51,406:INFO:pd==1.5.2
2023-01-14 18:20:51,406:INFO:numpy==1.20.3
2023-01-14 18:20:51,406:INFO:sklearn==0.23.2
2023-01-14 18:20:51,406:INFO:lightgbm==3.3.4
2023-01-14 18:20:51,408:WARNING:catboost not found
2023-01-14 18:20:51,409:WARNING:xgboost not found
2023-01-14 18:20:51,409:INFO:mlflow==2.1.1
2023-01-14 18:20:51,409:INFO:Checking Exceptions
2023-01-14 18:20:51,409:INFO:Declaring global variables
2023-01-14 18:20:51,409:INFO:USI: 265b
2023-01-14 18:20:51,409:INFO:pycaret_globals: {'fix_imbalance_param', 'USI', 'logging_param', 'fix_imbalance_method_param', 'fold_groups_param_full', 'target_param', '_all_metrics', 'n_jobs_param', '_ml_usecase', 'gpu_param', 'imputation_classifier', '_internal_pipeline', 'fold_generator', 'dashboard_logger', 'master_model_container', 'data_before_preprocess', 'fold_shuffle_param', 'log_plots_param', 'imputation_regressor', 'X', 'fold_groups_param', 'exp_name_log', '_available_plots', 'stratify_param', 'create_model_container', 'html_param', 'transform_target_method_param', '_all_models', 'fold_param', 'pycaret_globals', 'experiment__', '_all_models_internal', 'transform_target_param', '_gpu_n_jobs_param', 'iterative_imputation_iters_param', 'display_container', 'prep_pipe', 'seed'}
2023-01-14 18:20:51,409:INFO:Preparing display monitor
2023-01-14 18:20:51,409:INFO:Preparing display monitor
2023-01-14 18:20:51,426:INFO:Importing libraries
2023-01-14 18:20:51,426:INFO:Copying data for preprocessing
2023-01-14 18:20:51,442:INFO:Declaring preprocessing parameters
2023-01-14 18:20:51,451:INFO:Creating preprocessing pipeline
2023-01-14 18:20:51,499:INFO:Preprocessing pipeline created successfully
2023-01-14 18:20:51,499:ERROR:(Process Exit): setup has been interupted with user command 'quit'. setup must rerun.
2023-01-14 18:20:51,500:INFO:Creating global containers
2023-01-14 18:20:51,502:INFO:Internal pipeline: Pipeline(memory=None, steps=[('empty_step', 'passthrough')], verbose=False)
2023-01-14 18:20:54,715:INFO:Creating grid variables
2023-01-14 18:20:54,766:INFO:create_model_container: 0
2023-01-14 18:20:54,767:INFO:master_model_container: 0
2023-01-14 18:20:54,767:INFO:display_container: 1
2023-01-14 18:20:54,774:INFO:Pipeline(memory=None,
         steps=[('dtypes',
                 DataTypes_Auto_infer(categorical_features=[],
                                      display_types=True,
                                      features_todrop=['Row ID'],
                                      id_columns=['Row ID'],
                                      ml_usecase='regression',
                                      numerical_features=[],
                                      target='UNSUPERVISED_DUMMY_TARGET',
                                      time_features=[])),
                ('imputer',
                 Simple_Imputer(categorical_strategy='most frequent',
                                fill_value_categorical=None,
                                fill_value_...
                ('P_transform', 'passthrough'), ('binn', 'passthrough'),
                ('rem_outliers', 'passthrough'), ('cluster_all', 'passthrough'),
                ('dummy', Dummify(target='UNSUPERVISED_DUMMY_TARGET')),
                ('fix_perfect', 'passthrough'),
                ('clean_names', Clean_Colum_Names()),
                ('feature_select', 'passthrough'), ('fix_multi', 'passthrough'),
                ('dfs', 'passthrough'), ('pca', 'passthrough')],
         verbose=False)
2023-01-14 18:20:54,774:INFO:setup() succesfully completed......................................
2023-01-14 18:38:23,529:INFO:PyCaret Supervised Module
2023-01-14 18:38:23,529:INFO:ML Usecase: clustering
2023-01-14 18:38:23,529:INFO:version 2.3.10
2023-01-14 18:38:23,529:INFO:Initializing setup()
2023-01-14 18:38:23,530:INFO:setup(target=None, ml_usecase=clustering, available_plots={'cluster': 'Cluster PCA Plot (2d)', 'tsne': 'Cluster TSnE (3d)', 'elbow': 'Elbow', 'silhouette': 'Silhouette', 'distance': 'Distance', 'distribution': 'Distribution'}, train_size=0.7, test_data=None, preprocess=True, imputation_type=simple, iterative_imputation_iters=5, categorical_features=None, categorical_imputation=mode, categorical_iterative_imputer=lightgbm, ordinal_features=None, high_cardinality_features=None, high_cardinality_method=frequency, numeric_features=None, numeric_imputation=mean, numeric_iterative_imputer=lightgbm, date_features=None, ignore_features=['Row ID'], normalize=True, normalize_method=zscore, transformation=False, transformation_method=yeo-johnson, handle_unknown_categorical=True, unknown_categorical_method=least_frequent, pca=False, pca_method=linear, pca_components=None, ignore_low_variance=False, combine_rare_levels=False, rare_level_threshold=0.1, bin_numeric_features=None, remove_outliers=False, outliers_threshold=0.05, remove_multicollinearity=False, multicollinearity_threshold=0.9, remove_perfect_collinearity=False, create_clusters=False, cluster_iter=20, polynomial_features=False, polynomial_degree=2, trigonometry_features=False, polynomial_threshold=0.1, group_features=None, group_names=None, feature_selection=False, feature_selection_threshold=0.8, feature_selection_method=classic, feature_interaction=False, feature_ratio=False, interaction_threshold=0.01, fix_imbalance=False, fix_imbalance_method=None, transform_target=False, transform_target_method=box-cox, data_split_shuffle=False, data_split_stratify=False, fold_strategy=kfold, fold=10, fold_shuffle=False, fold_groups=None, n_jobs=-1, use_gpu=True, custom_pipeline=None, html=True, session_id=None, log_experiment=False, experiment_name=None, experiment_custom_tags=None, log_plots=False, log_profile=False, log_data=False, silent=False, verbose=True, profile=False, profile_kwargs=None, display=None)
2023-01-14 18:38:23,530:INFO:Checking environment
2023-01-14 18:38:23,530:INFO:python_version: 3.8.15
2023-01-14 18:38:23,530:INFO:python_build: ('default', 'Nov 22 2022 08:42:03')
2023-01-14 18:38:23,530:INFO:machine: AMD64
2023-01-14 18:38:23,530:INFO:platform: Windows-10-10.0.19044-SP0
2023-01-14 18:38:23,532:INFO:Memory: svmem(total=8438841344, available=2121814016, percent=74.9, used=6317027328, free=2121814016)
2023-01-14 18:38:23,533:INFO:Physical Core: 4
2023-01-14 18:38:23,533:INFO:Logical Core: 8
2023-01-14 18:38:23,533:INFO:Checking libraries
2023-01-14 18:38:23,533:INFO:pd==1.5.2
2023-01-14 18:38:23,533:INFO:numpy==1.20.3
2023-01-14 18:38:23,533:INFO:sklearn==0.23.2
2023-01-14 18:38:23,533:INFO:lightgbm==3.3.4
2023-01-14 18:38:23,534:WARNING:catboost not found
2023-01-14 18:38:23,535:WARNING:xgboost not found
2023-01-14 18:38:23,535:INFO:mlflow==2.1.1
2023-01-14 18:38:23,535:INFO:Checking Exceptions
2023-01-14 18:38:23,535:INFO:Declaring global variables
2023-01-14 18:38:23,535:INFO:USI: 9ae6
2023-01-14 18:38:23,535:INFO:pycaret_globals: {'fix_imbalance_param', 'USI', 'imputation_classifier', '_gpu_n_jobs_param', 'imputation_regressor', 'pycaret_globals', 'log_plots_param', 'fold_generator', 'experiment__', 'fold_groups_param_full', '_internal_pipeline', 'exp_name_log', 'iterative_imputation_iters_param', 'master_model_container', 'n_jobs_param', 'target_param', 'X', 'logging_param', 'html_param', '_all_models', 'create_model_container', '_available_plots', 'seed', 'fold_param', 'fold_shuffle_param', 'stratify_param', 'display_container', 'fold_groups_param', 'gpu_param', '_all_metrics', 'transform_target_param', '_ml_usecase', '_all_models_internal', 'data_before_preprocess', 'dashboard_logger', 'transform_target_method_param', 'fix_imbalance_method_param', 'prep_pipe'}
2023-01-14 18:38:23,535:INFO:Preparing display monitor
2023-01-14 18:38:23,535:INFO:Preparing display monitor
2023-01-14 18:38:23,550:INFO:Importing libraries
2023-01-14 18:38:23,550:INFO:Copying data for preprocessing
2023-01-14 18:38:23,564:INFO:Declaring preprocessing parameters
2023-01-14 18:38:23,565:WARNING:cuML not found
2023-01-14 18:38:23,566:WARNING:cuML is outdated or not found. Required version is >=0.15, got 3.3.4
2023-01-14 18:38:23,569:INFO:Creating preprocessing pipeline
2023-01-14 18:38:23,612:INFO:Preprocessing pipeline created successfully
2023-01-14 18:38:23,612:ERROR:(Process Exit): setup has been interupted with user command 'quit'. setup must rerun.
2023-01-14 18:38:23,612:INFO:Creating global containers
2023-01-14 18:38:23,615:INFO:Internal pipeline: Pipeline(memory=None, steps=[('empty_step', 'passthrough')], verbose=False)
2023-01-14 18:38:26,026:WARNING:Couldn't import cuml.cluster.KMeans
2023-01-14 18:38:26,027:WARNING:Couldn't import cuml.cluster.DBSCAN
2023-01-14 18:38:26,031:WARNING:Couldn't import cuml.cluster.KMeans
2023-01-14 18:38:26,032:WARNING:Couldn't import cuml.cluster.DBSCAN
2023-01-14 18:38:26,032:INFO:Creating grid variables
2023-01-14 18:38:26,058:INFO:create_model_container: 0
2023-01-14 18:38:26,058:INFO:master_model_container: 0
2023-01-14 18:38:26,058:INFO:display_container: 1
2023-01-14 18:38:26,063:INFO:Pipeline(memory=None,
         steps=[('dtypes',
                 DataTypes_Auto_infer(categorical_features=[],
                                      display_types=True,
                                      features_todrop=['Row ID'],
                                      id_columns=['Row ID'],
                                      ml_usecase='regression',
                                      numerical_features=[],
                                      target='UNSUPERVISED_DUMMY_TARGET',
                                      time_features=[])),
                ('imputer',
                 Simple_Imputer(categorical_strategy='most frequent',
                                fill_value_categorical=None,
                                fill_value_...
                ('P_transform', 'passthrough'), ('binn', 'passthrough'),
                ('rem_outliers', 'passthrough'), ('cluster_all', 'passthrough'),
                ('dummy', Dummify(target='UNSUPERVISED_DUMMY_TARGET')),
                ('fix_perfect', 'passthrough'),
                ('clean_names', Clean_Colum_Names()),
                ('feature_select', 'passthrough'), ('fix_multi', 'passthrough'),
                ('dfs', 'passthrough'), ('pca', 'passthrough')],
         verbose=False)
2023-01-14 18:38:26,063:INFO:setup() succesfully completed......................................
2023-01-14 18:53:27,895:INFO:PyCaret Supervised Module
2023-01-14 18:53:27,896:INFO:ML Usecase: clustering
2023-01-14 18:53:27,897:INFO:version 2.3.10
2023-01-14 18:53:27,897:INFO:Initializing setup()
2023-01-14 18:53:27,897:INFO:setup(target=None, ml_usecase=clustering, available_plots={'cluster': 'Cluster PCA Plot (2d)', 'tsne': 'Cluster TSnE (3d)', 'elbow': 'Elbow', 'silhouette': 'Silhouette', 'distance': 'Distance', 'distribution': 'Distribution'}, train_size=0.7, test_data=None, preprocess=True, imputation_type=simple, iterative_imputation_iters=5, categorical_features=None, categorical_imputation=mode, categorical_iterative_imputer=lightgbm, ordinal_features=None, high_cardinality_features=None, high_cardinality_method=frequency, numeric_features=None, numeric_imputation=mean, numeric_iterative_imputer=lightgbm, date_features=None, ignore_features=['Row ID'], normalize=True, normalize_method=zscore, transformation=False, transformation_method=yeo-johnson, handle_unknown_categorical=True, unknown_categorical_method=least_frequent, pca=False, pca_method=linear, pca_components=None, ignore_low_variance=False, combine_rare_levels=False, rare_level_threshold=0.1, bin_numeric_features=None, remove_outliers=False, outliers_threshold=0.05, remove_multicollinearity=False, multicollinearity_threshold=0.9, remove_perfect_collinearity=False, create_clusters=False, cluster_iter=20, polynomial_features=False, polynomial_degree=2, trigonometry_features=False, polynomial_threshold=0.1, group_features=None, group_names=None, feature_selection=False, feature_selection_threshold=0.8, feature_selection_method=classic, feature_interaction=False, feature_ratio=False, interaction_threshold=0.01, fix_imbalance=False, fix_imbalance_method=None, transform_target=False, transform_target_method=box-cox, data_split_shuffle=False, data_split_stratify=False, fold_strategy=kfold, fold=10, fold_shuffle=False, fold_groups=None, n_jobs=-1, use_gpu=True, custom_pipeline=None, html=True, session_id=None, log_experiment=False, experiment_name=None, experiment_custom_tags=None, log_plots=False, log_profile=False, log_data=False, silent=False, verbose=True, profile=False, profile_kwargs=None, display=None)
2023-01-14 18:53:27,897:INFO:Checking environment
2023-01-14 18:53:27,897:INFO:python_version: 3.8.15
2023-01-14 18:53:27,897:INFO:python_build: ('default', 'Nov 22 2022 08:42:03')
2023-01-14 18:53:27,897:INFO:machine: AMD64
2023-01-14 18:53:27,897:INFO:platform: Windows-10-10.0.19044-SP0
2023-01-14 18:53:27,900:INFO:Memory: svmem(total=8438841344, available=2062147584, percent=75.6, used=6376693760, free=2062147584)
2023-01-14 18:53:27,901:INFO:Physical Core: 4
2023-01-14 18:53:27,901:INFO:Logical Core: 8
2023-01-14 18:53:27,901:INFO:Checking libraries
2023-01-14 18:53:27,901:INFO:pd==1.5.2
2023-01-14 18:53:27,901:INFO:numpy==1.20.3
2023-01-14 18:53:27,901:INFO:sklearn==0.23.2
2023-01-14 18:53:27,901:INFO:lightgbm==3.3.4
2023-01-14 18:53:27,902:WARNING:catboost not found
2023-01-14 18:53:27,905:WARNING:xgboost not found
2023-01-14 18:53:27,906:INFO:mlflow==2.1.1
2023-01-14 18:53:27,906:INFO:Checking Exceptions
2023-01-14 18:53:27,907:INFO:Declaring global variables
2023-01-14 18:53:27,907:INFO:USI: 02d2
2023-01-14 18:53:27,908:INFO:pycaret_globals: {'_all_models_internal', 'seed', 'fix_imbalance_method_param', '_available_plots', 'imputation_classifier', 'gpu_param', 'iterative_imputation_iters_param', 'fold_generator', 'X', 'data_before_preprocess', '_all_models', 'USI', 'display_container', 'n_jobs_param', 'stratify_param', 'fold_param', 'target_param', 'prep_pipe', 'fold_groups_param_full', 'fold_groups_param', 'pycaret_globals', 'imputation_regressor', 'master_model_container', '_internal_pipeline', 'experiment__', 'fix_imbalance_param', 'exp_name_log', 'create_model_container', '_ml_usecase', 'dashboard_logger', 'transform_target_method_param', 'html_param', '_gpu_n_jobs_param', 'fold_shuffle_param', 'transform_target_param', '_all_metrics', 'log_plots_param', 'logging_param'}
2023-01-14 18:53:27,908:INFO:Preparing display monitor
2023-01-14 18:53:27,908:INFO:Preparing display monitor
2023-01-14 18:53:27,933:INFO:Importing libraries
2023-01-14 18:53:27,933:INFO:Copying data for preprocessing
2023-01-14 18:53:27,959:INFO:Declaring preprocessing parameters
2023-01-14 18:53:27,961:WARNING:cuML not found
2023-01-14 18:53:27,961:WARNING:cuML is outdated or not found. Required version is >=0.15, got 3.3.4
2023-01-14 18:53:27,967:INFO:Creating preprocessing pipeline
2023-01-14 18:53:28,020:INFO:Preprocessing pipeline created successfully
2023-01-14 18:53:28,021:ERROR:(Process Exit): setup has been interupted with user command 'quit'. setup must rerun.
2023-01-14 18:53:28,021:INFO:Creating global containers
2023-01-14 18:53:28,024:INFO:Internal pipeline: Pipeline(memory=None, steps=[('empty_step', 'passthrough')], verbose=False)
2023-01-14 18:53:34,993:WARNING:Couldn't import cuml.cluster.KMeans
2023-01-14 18:53:34,994:WARNING:Couldn't import cuml.cluster.DBSCAN
2023-01-14 18:53:35,000:WARNING:Couldn't import cuml.cluster.KMeans
2023-01-14 18:53:35,001:WARNING:Couldn't import cuml.cluster.DBSCAN
2023-01-14 18:53:35,001:INFO:Creating grid variables
2023-01-14 18:53:35,030:INFO:create_model_container: 0
2023-01-14 18:53:35,030:INFO:master_model_container: 0
2023-01-14 18:53:35,030:INFO:display_container: 1
2023-01-14 18:53:35,036:INFO:Pipeline(memory=None,
         steps=[('dtypes',
                 DataTypes_Auto_infer(categorical_features=[],
                                      display_types=True,
                                      features_todrop=['Row ID'],
                                      id_columns=['Row ID'],
                                      ml_usecase='regression',
                                      numerical_features=[],
                                      target='UNSUPERVISED_DUMMY_TARGET',
                                      time_features=[])),
                ('imputer',
                 Simple_Imputer(categorical_strategy='most frequent',
                                fill_value_categorical=None,
                                fill_value_...
                ('P_transform', 'passthrough'), ('binn', 'passthrough'),
                ('rem_outliers', 'passthrough'), ('cluster_all', 'passthrough'),
                ('dummy', Dummify(target='UNSUPERVISED_DUMMY_TARGET')),
                ('fix_perfect', 'passthrough'),
                ('clean_names', Clean_Colum_Names()),
                ('feature_select', 'passthrough'), ('fix_multi', 'passthrough'),
                ('dfs', 'passthrough'), ('pca', 'passthrough')],
         verbose=False)
2023-01-14 18:53:35,036:INFO:setup() succesfully completed......................................
2023-01-14 18:53:46,751:INFO:PyCaret Supervised Module
2023-01-14 18:53:46,752:INFO:ML Usecase: clustering
2023-01-14 18:53:46,753:INFO:version 2.3.10
2023-01-14 18:53:46,754:INFO:Initializing setup()
2023-01-14 18:53:46,754:INFO:setup(target=None, ml_usecase=clustering, available_plots={'cluster': 'Cluster PCA Plot (2d)', 'tsne': 'Cluster TSnE (3d)', 'elbow': 'Elbow', 'silhouette': 'Silhouette', 'distance': 'Distance', 'distribution': 'Distribution'}, train_size=0.7, test_data=None, preprocess=True, imputation_type=simple, iterative_imputation_iters=5, categorical_features=None, categorical_imputation=mode, categorical_iterative_imputer=lightgbm, ordinal_features=None, high_cardinality_features=None, high_cardinality_method=frequency, numeric_features=None, numeric_imputation=mean, numeric_iterative_imputer=lightgbm, date_features=None, ignore_features=['Row ID'], normalize=True, normalize_method=zscore, transformation=False, transformation_method=yeo-johnson, handle_unknown_categorical=True, unknown_categorical_method=least_frequent, pca=False, pca_method=linear, pca_components=None, ignore_low_variance=False, combine_rare_levels=False, rare_level_threshold=0.1, bin_numeric_features=None, remove_outliers=False, outliers_threshold=0.05, remove_multicollinearity=False, multicollinearity_threshold=0.9, remove_perfect_collinearity=False, create_clusters=False, cluster_iter=20, polynomial_features=False, polynomial_degree=2, trigonometry_features=False, polynomial_threshold=0.1, group_features=None, group_names=None, feature_selection=False, feature_selection_threshold=0.8, feature_selection_method=classic, feature_interaction=False, feature_ratio=False, interaction_threshold=0.01, fix_imbalance=False, fix_imbalance_method=None, transform_target=False, transform_target_method=box-cox, data_split_shuffle=False, data_split_stratify=False, fold_strategy=kfold, fold=10, fold_shuffle=False, fold_groups=None, n_jobs=-1, use_gpu=True, custom_pipeline=None, html=True, session_id=None, log_experiment=False, experiment_name=None, experiment_custom_tags=None, log_plots=False, log_profile=False, log_data=False, silent=False, verbose=True, profile=False, profile_kwargs=None, display=None)
2023-01-14 18:53:46,755:INFO:Checking environment
2023-01-14 18:53:46,756:INFO:python_version: 3.8.15
2023-01-14 18:53:46,757:INFO:python_build: ('default', 'Nov 22 2022 08:42:03')
2023-01-14 18:53:46,758:INFO:machine: AMD64
2023-01-14 18:53:46,758:INFO:platform: Windows-10-10.0.19044-SP0
2023-01-14 18:53:46,761:INFO:Memory: svmem(total=8438841344, available=1656057856, percent=80.4, used=6782783488, free=1656057856)
2023-01-14 18:53:46,761:INFO:Physical Core: 4
2023-01-14 18:53:46,761:INFO:Logical Core: 8
2023-01-14 18:53:46,761:INFO:Checking libraries
2023-01-14 18:53:46,762:INFO:pd==1.5.2
2023-01-14 18:53:46,762:INFO:numpy==1.20.3
2023-01-14 18:53:46,762:INFO:sklearn==0.23.2
2023-01-14 18:53:46,762:INFO:lightgbm==3.3.4
2023-01-14 18:53:46,763:WARNING:catboost not found
2023-01-14 18:53:46,764:WARNING:xgboost not found
2023-01-14 18:53:46,764:INFO:mlflow==2.1.1
2023-01-14 18:53:46,764:INFO:Checking Exceptions
2023-01-14 18:53:46,765:INFO:Declaring global variables
2023-01-14 18:53:46,765:INFO:USI: e8bd
2023-01-14 18:53:46,765:INFO:pycaret_globals: {'_all_models_internal', 'seed', 'fix_imbalance_method_param', '_available_plots', 'imputation_classifier', 'gpu_param', 'iterative_imputation_iters_param', 'fold_generator', 'X', 'data_before_preprocess', '_all_models', 'USI', 'display_container', 'n_jobs_param', 'stratify_param', 'fold_param', 'target_param', 'prep_pipe', 'fold_groups_param_full', 'fold_groups_param', 'pycaret_globals', 'imputation_regressor', 'master_model_container', '_internal_pipeline', 'experiment__', 'fix_imbalance_param', 'exp_name_log', 'create_model_container', '_ml_usecase', 'dashboard_logger', 'transform_target_method_param', 'html_param', '_gpu_n_jobs_param', 'fold_shuffle_param', 'transform_target_param', '_all_metrics', 'log_plots_param', 'logging_param'}
2023-01-14 18:53:46,765:INFO:Preparing display monitor
2023-01-14 18:53:46,765:INFO:Preparing display monitor
2023-01-14 18:53:46,781:INFO:Importing libraries
2023-01-14 18:53:46,781:INFO:Copying data for preprocessing
2023-01-14 18:53:46,800:INFO:Declaring preprocessing parameters
2023-01-14 18:53:46,802:WARNING:cuML not found
2023-01-14 18:53:46,803:WARNING:cuML is outdated or not found. Required version is >=0.15, got 3.3.4
2023-01-14 18:53:46,814:INFO:Creating preprocessing pipeline
2023-01-14 18:53:46,876:INFO:Preprocessing pipeline created successfully
2023-01-14 18:53:46,877:ERROR:(Process Exit): setup has been interupted with user command 'quit'. setup must rerun.
2023-01-14 18:53:46,877:INFO:Creating global containers
2023-01-14 18:53:46,877:INFO:Internal pipeline: Pipeline(memory=None, steps=[('empty_step', 'passthrough')], verbose=False)
2023-01-14 18:54:04,186:WARNING:Couldn't import cuml.cluster.KMeans
2023-01-14 18:54:04,189:WARNING:Couldn't import cuml.cluster.DBSCAN
2023-01-14 18:54:04,190:WARNING:Couldn't import cuml.cluster.KMeans
2023-01-14 18:54:04,191:WARNING:Couldn't import cuml.cluster.DBSCAN
2023-01-14 18:54:04,191:INFO:Creating grid variables
2023-01-14 18:54:04,249:INFO:create_model_container: 0
2023-01-14 18:54:04,249:INFO:master_model_container: 0
2023-01-14 18:54:04,251:INFO:display_container: 1
2023-01-14 18:54:04,265:INFO:Pipeline(memory=None,
         steps=[('dtypes',
                 DataTypes_Auto_infer(categorical_features=[],
                                      display_types=True,
                                      features_todrop=['Row ID'],
                                      id_columns=['Row ID'],
                                      ml_usecase='regression',
                                      numerical_features=[],
                                      target='UNSUPERVISED_DUMMY_TARGET',
                                      time_features=[])),
                ('imputer',
                 Simple_Imputer(categorical_strategy='most frequent',
                                fill_value_categorical=None,
                                fill_value_...
                ('P_transform', 'passthrough'), ('binn', 'passthrough'),
                ('rem_outliers', 'passthrough'), ('cluster_all', 'passthrough'),
                ('dummy', Dummify(target='UNSUPERVISED_DUMMY_TARGET')),
                ('fix_perfect', 'passthrough'),
                ('clean_names', Clean_Colum_Names()),
                ('feature_select', 'passthrough'), ('fix_multi', 'passthrough'),
                ('dfs', 'passthrough'), ('pca', 'passthrough')],
         verbose=False)
2023-01-14 18:54:04,266:INFO:setup() succesfully completed......................................
2023-01-14 18:54:28,856:INFO:Initializing create_model()
2023-01-14 18:54:28,857:INFO:create_model(estimator=kmeans, num_clusters=4, fraction=0.05, ground_truth=None, round=4, fit_kwargs=None, verbose=True, system=True, add_to_model_list=True, raise_num_clusters=False, experiment_custom_tags=None, display=None, kwargs={})
2023-01-14 18:54:28,857:INFO:Checking exceptions
2023-01-14 18:54:28,857:INFO:Preparing display monitor
2023-01-14 18:54:29,270:INFO:Importing libraries
2023-01-14 18:54:29,279:INFO:Importing untrained model
2023-01-14 18:54:29,297:INFO:K-Means Clustering Imported succesfully
2023-01-14 18:54:29,320:INFO:Fitting Model
2023-01-14 18:55:48,860:INFO:KMeans(algorithm='auto', copy_x=True, init='k-means++', max_iter=300,
       n_clusters=4, n_init=10, n_jobs=-1, precompute_distances='deprecated',
       random_state=7046, tol=0.0001, verbose=0)
2023-01-14 18:55:48,860:INFO:create_models() succesfully completed......................................
2023-01-14 18:55:48,861:INFO:Uploading results into container
2023-01-14 18:55:48,864:INFO:Uploading model into container now
2023-01-14 18:55:48,877:INFO:create_model_container: 1
2023-01-14 18:55:48,878:INFO:master_model_container: 1
2023-01-14 18:55:48,878:INFO:display_container: 2
2023-01-14 18:55:48,878:INFO:KMeans(algorithm='auto', copy_x=True, init='k-means++', max_iter=300,
       n_clusters=4, n_init=10, n_jobs=-1, precompute_distances='deprecated',
       random_state=7046, tol=0.0001, verbose=0)
2023-01-14 18:55:48,878:INFO:create_model() succesfully completed......................................
2023-01-14 18:58:40,821:INFO:Initializing evaluate_model()
2023-01-14 18:58:40,821:INFO:evaluate_model(estimator=KMeans(algorithm='auto', copy_x=True, init='k-means++', max_iter=300,
       n_clusters=4, n_init=10, n_jobs=-1, precompute_distances='deprecated',
       random_state=7046, tol=0.0001, verbose=0), fold=None, fit_kwargs=None, plot_kwargs=None, feature_name=None, groups=None, use_train_data=False)
2023-01-14 18:58:41,843:INFO:Initializing plot_model()
2023-01-14 18:58:41,843:INFO:plot_model(fold=KFold(n_splits=10, random_state=None, shuffle=False), use_train_data=False, verbose=True, is_in_evaluate=True, display=None, display_format=None, estimator=KMeans(algorithm='auto', copy_x=True, init='k-means++', max_iter=300,
       n_clusters=4, n_init=10, n_jobs=-1, precompute_distances='deprecated',
       random_state=7046, tol=0.0001, verbose=0), feature_name=None, fit_kwargs={}, groups=None, label=False, plot=cluster, plot_kwargs={}, save=False, scale=1, system=True)
2023-01-14 18:58:41,843:INFO:Checking exceptions
2023-01-14 18:58:41,843:INFO:Preparing display monitor
2023-01-14 18:58:41,850:INFO:Preloading libraries
2023-01-14 18:58:41,852:INFO:Copying training dataset
2023-01-14 18:58:41,975:INFO:Plot type: cluster
2023-01-14 18:58:41,976:INFO:SubProcess assign_model() called ==================================
2023-01-14 18:58:41,977:INFO:Initializing assign_model()
2023-01-14 18:58:41,977:INFO:assign_model(model=Pipeline(memory=None,
         steps=[('empty_step', 'passthrough'),
                ('actual_estimator',
                 KMeans(algorithm='auto', copy_x=True, init='k-means++',
                        max_iter=300, n_clusters=4, n_init=10, n_jobs=-1,
                        precompute_distances='deprecated', random_state=7046,
                        tol=0.0001, verbose=0))],
         verbose=False), transformation=True, score=True, verbose=False)
2023-01-14 18:58:41,978:INFO:Checking exceptions
2023-01-14 18:58:41,978:INFO:Determining Trained Model
2023-01-14 18:58:41,978:INFO:Trained Model : K-Means Clustering
2023-01-14 18:58:41,978:INFO:Copying data
2023-01-14 18:58:42,106:INFO:Transformation param set to True. Assigned clusters are attached on transformed dataset.
2023-01-14 18:58:42,112:INFO:(9800, 10877)
2023-01-14 18:58:42,112:INFO:assign_model() succesfully completed......................................
2023-01-14 18:58:42,318:INFO:SubProcess assign_model() end ==================================
2023-01-14 18:58:43,125:INFO:Fitting PCA()
2023-01-14 18:58:51,622:INFO:Sorting dataframe
2023-01-14 18:58:51,637:INFO:Rendering Visual
2023-01-14 19:00:15,292:INFO:Initializing evaluate_model()
2023-01-14 19:00:15,293:INFO:evaluate_model(estimator=KMeans(algorithm='auto', copy_x=True, init='k-means++', max_iter=300,
       n_clusters=4, n_init=10, n_jobs=-1, precompute_distances='deprecated',
       random_state=7046, tol=0.0001, verbose=0), fold=None, fit_kwargs=None, plot_kwargs=None, feature_name=None, groups=None, use_train_data=False)
2023-01-14 19:00:15,305:INFO:Initializing plot_model()
2023-01-14 19:00:15,307:INFO:plot_model(fold=KFold(n_splits=10, random_state=None, shuffle=False), use_train_data=False, verbose=True, is_in_evaluate=True, display=None, display_format=None, estimator=KMeans(algorithm='auto', copy_x=True, init='k-means++', max_iter=300,
       n_clusters=4, n_init=10, n_jobs=-1, precompute_distances='deprecated',
       random_state=7046, tol=0.0001, verbose=0), feature_name=None, fit_kwargs={}, groups=None, label=False, plot=cluster, plot_kwargs={}, save=False, scale=1, system=True)
2023-01-14 19:00:15,308:INFO:Checking exceptions
2023-01-14 19:00:15,308:INFO:Preparing display monitor
2023-01-14 19:00:15,312:INFO:Preloading libraries
2023-01-14 19:00:15,314:INFO:Copying training dataset
2023-01-14 19:00:15,438:INFO:Plot type: cluster
2023-01-14 19:00:15,439:INFO:SubProcess assign_model() called ==================================
2023-01-14 19:00:15,440:INFO:Initializing assign_model()
2023-01-14 19:00:15,440:INFO:assign_model(model=Pipeline(memory=None,
         steps=[('empty_step', 'passthrough'),
                ('actual_estimator',
                 KMeans(algorithm='auto', copy_x=True, init='k-means++',
                        max_iter=300, n_clusters=4, n_init=10, n_jobs=-1,
                        precompute_distances='deprecated', random_state=7046,
                        tol=0.0001, verbose=0))],
         verbose=False), transformation=True, score=True, verbose=False)
2023-01-14 19:00:15,440:INFO:Checking exceptions
2023-01-14 19:00:15,440:INFO:Determining Trained Model
2023-01-14 19:00:15,441:INFO:Trained Model : K-Means Clustering
2023-01-14 19:00:15,441:INFO:Copying data
2023-01-14 19:00:15,565:INFO:Transformation param set to True. Assigned clusters are attached on transformed dataset.
2023-01-14 19:00:15,572:INFO:(9800, 10877)
2023-01-14 19:00:15,572:INFO:assign_model() succesfully completed......................................
2023-01-14 19:00:16,582:INFO:SubProcess assign_model() end ==================================
2023-01-14 19:00:19,159:INFO:Fitting PCA()
2023-01-14 19:00:24,230:INFO:Sorting dataframe
2023-01-14 19:00:24,242:INFO:Rendering Visual
2023-01-14 19:00:35,951:INFO:Initializing plot_model()
2023-01-14 19:00:35,951:INFO:plot_model(fold=None, use_train_data=False, verbose=True, is_in_evaluate=False, display=None, display_format=None, estimator=KMeans(algorithm='auto', copy_x=True, init='k-means++', max_iter=300,
       n_clusters=4, n_init=10, n_jobs=-1, precompute_distances='deprecated',
       random_state=7046, tol=0.0001, verbose=0), feature_name=None, fit_kwargs=None, groups=None, label=False, plot=elbow, plot_kwargs=None, save=False, scale=1, system=True)
2023-01-14 19:00:35,951:INFO:Checking exceptions
2023-01-14 19:00:35,951:INFO:Preparing display monitor
2023-01-14 19:00:35,951:INFO:Preloading libraries
2023-01-14 19:00:35,966:INFO:Copying training dataset
2023-01-14 19:00:36,146:INFO:Plot type: elbow
2023-01-14 19:00:37,319:INFO:Fitting Model
2023-01-14 19:11:37,271:INFO:Visual Rendered Successfully
2023-01-14 19:11:40,974:INFO:plot_model() succesfully completed......................................
2023-01-14 19:13:38,057:INFO:Initializing plot_model()
2023-01-14 19:13:38,057:INFO:plot_model(fold=None, use_train_data=False, verbose=True, is_in_evaluate=False, display=None, display_format=None, estimator=KMeans(algorithm='auto', copy_x=True, init='k-means++', max_iter=300,
       n_clusters=4, n_init=10, n_jobs=-1, precompute_distances='deprecated',
       random_state=7046, tol=0.0001, verbose=0), feature_name=None, fit_kwargs=None, groups=None, label=False, plot=silhouette, plot_kwargs=None, save=False, scale=1, system=True)
2023-01-14 19:13:38,057:INFO:Checking exceptions
2023-01-14 19:13:38,057:INFO:Preparing display monitor
2023-01-14 19:13:38,061:INFO:Preloading libraries
2023-01-14 19:13:38,061:INFO:Copying training dataset
2023-01-14 19:13:38,320:INFO:Plot type: silhouette
2023-01-14 19:13:38,321:INFO:Fitting Model
2023-01-14 19:14:23,873:INFO:Visual Rendered Successfully
2023-01-14 19:14:24,004:INFO:plot_model() succesfully completed......................................
2023-01-14 19:16:03,399:INFO:Initializing plot_model()
2023-01-14 19:16:03,399:INFO:plot_model(fold=None, use_train_data=False, verbose=True, is_in_evaluate=False, display=None, display_format=None, estimator=KMeans(algorithm='auto', copy_x=True, init='k-means++', max_iter=300,
       n_clusters=4, n_init=10, n_jobs=-1, precompute_distances='deprecated',
       random_state=7046, tol=0.0001, verbose=0), feature_name=None, fit_kwargs=None, groups=None, label=False, plot=distance, plot_kwargs=None, save=False, scale=1, system=True)
2023-01-14 19:16:03,400:INFO:Checking exceptions
2023-01-14 19:16:03,400:INFO:Preparing display monitor
2023-01-14 19:16:03,407:INFO:Preloading libraries
2023-01-14 19:16:03,408:INFO:Copying training dataset
2023-01-14 19:16:03,626:INFO:Plot type: distance
2023-01-14 19:16:03,659:INFO:Fitting Model
2023-01-14 19:16:04,338:INFO:Visual Rendered Successfully
2023-01-14 19:16:04,518:INFO:plot_model() succesfully completed......................................
2023-01-14 19:16:15,339:INFO:Initializing plot_model()
2023-01-14 19:16:15,339:INFO:plot_model(fold=None, use_train_data=False, verbose=True, is_in_evaluate=False, display=None, display_format=None, estimator=KMeans(algorithm='auto', copy_x=True, init='k-means++', max_iter=300,
       n_clusters=4, n_init=10, n_jobs=-1, precompute_distances='deprecated',
       random_state=7046, tol=0.0001, verbose=0), feature_name=None, fit_kwargs=None, groups=None, label=False, plot=distribution, plot_kwargs=None, save=False, scale=1, system=True)
2023-01-14 19:16:15,339:INFO:Checking exceptions
2023-01-14 19:16:15,339:INFO:Preparing display monitor
2023-01-14 19:16:15,347:INFO:Preloading libraries
2023-01-14 19:16:15,348:INFO:Copying training dataset
2023-01-14 19:16:15,519:INFO:Plot type: distribution
2023-01-14 19:16:15,520:INFO:SubProcess assign_model() called ==================================
2023-01-14 19:16:15,521:INFO:Initializing assign_model()
2023-01-14 19:16:15,521:INFO:assign_model(model=Pipeline(memory=None,
         steps=[('empty_step', 'passthrough'),
                ('actual_estimator',
                 KMeans(algorithm='auto', copy_x=True, init='k-means++',
                        max_iter=300, n_clusters=4, n_init=10, n_jobs=-1,
                        precompute_distances='deprecated', random_state=7046,
                        tol=0.0001, verbose=0))],
         verbose=False), transformation=False, score=True, verbose=False)
2023-01-14 19:16:15,522:INFO:Checking exceptions
2023-01-14 19:16:15,522:INFO:Determining Trained Model
2023-01-14 19:16:15,522:INFO:Trained Model : K-Means Clustering
2023-01-14 19:16:15,522:INFO:Copying data
2023-01-14 19:16:15,833:INFO:(9800, 19)
2023-01-14 19:16:15,833:INFO:assign_model() succesfully completed......................................
2023-01-14 19:16:15,838:INFO:SubProcess assign_model() end ==================================
2023-01-14 19:16:15,838:INFO:Sorting dataframe
2023-01-14 19:16:15,904:INFO:Rendering Visual
2023-01-14 19:16:19,136:INFO:Initializing plot_model()
2023-01-14 19:16:19,136:INFO:plot_model(fold=None, use_train_data=False, verbose=True, is_in_evaluate=False, display=None, display_format=None, estimator=KMeans(algorithm='auto', copy_x=True, init='k-means++', max_iter=300,
       n_clusters=4, n_init=10, n_jobs=-1, precompute_distances='deprecated',
       random_state=7046, tol=0.0001, verbose=0), feature_name=None, fit_kwargs=None, groups=None, label=False, plot=tsne, plot_kwargs=None, save=False, scale=1, system=True)
2023-01-14 19:16:19,136:INFO:Checking exceptions
2023-01-14 19:16:19,136:INFO:Preparing display monitor
2023-01-14 19:16:19,141:INFO:Preloading libraries
2023-01-14 19:16:19,142:INFO:Copying training dataset
2023-01-14 19:16:19,352:INFO:Plot type: tsne
2023-01-14 19:16:19,354:INFO:SubProcess assign_model() called ==================================
2023-01-14 19:16:19,355:INFO:Initializing assign_model()
2023-01-14 19:16:19,355:INFO:assign_model(model=Pipeline(memory=None,
         steps=[('empty_step', 'passthrough'),
                ('actual_estimator',
                 KMeans(algorithm='auto', copy_x=True, init='k-means++',
                        max_iter=300, n_clusters=4, n_init=10, n_jobs=-1,
                        precompute_distances='deprecated', random_state=7046,
                        tol=0.0001, verbose=0))],
         verbose=False), transformation=True, score=False, verbose=False)
2023-01-14 19:16:19,355:INFO:Checking exceptions
2023-01-14 19:16:19,355:INFO:Determining Trained Model
2023-01-14 19:16:19,356:INFO:Trained Model : K-Means Clustering
2023-01-14 19:16:19,356:INFO:Copying data
2023-01-14 19:16:19,535:INFO:Transformation param set to True. Assigned clusters are attached on transformed dataset.
2023-01-14 19:16:19,541:INFO:(9800, 10877)
2023-01-14 19:16:19,541:INFO:assign_model() succesfully completed......................................
2023-01-14 19:16:19,763:INFO:SubProcess assign_model() end ==================================
2023-01-14 19:16:19,951:INFO:Fitting TSNE()
2023-01-14 19:53:04,615:INFO:Sorting dataframe
2023-01-14 19:53:04,668:INFO:Rendering Visual
2023-01-14 20:06:00,701:INFO:Initializing assign_model()
2023-01-14 20:06:00,701:INFO:assign_model(model=KMeans(algorithm='auto', copy_x=True, init='k-means++', max_iter=300,
       n_clusters=4, n_init=10, n_jobs=-1, precompute_distances='deprecated',
       random_state=7046, tol=0.0001, verbose=0), transformation=False, score=True, verbose=True)
2023-01-14 20:06:00,701:INFO:Checking exceptions
2023-01-14 20:06:00,702:INFO:Determining Trained Model
2023-01-14 20:06:00,703:INFO:Trained Model : K-Means Clustering
2023-01-14 20:06:00,704:INFO:Copying data
2023-01-14 20:06:00,720:INFO:(9800, 19)
2023-01-14 20:06:00,721:INFO:assign_model() succesfully completed......................................
2023-01-14 20:06:21,874:INFO:Initializing plot_model()
2023-01-14 20:06:21,874:INFO:plot_model(fold=None, use_train_data=False, verbose=True, is_in_evaluate=False, display=None, display_format=None, estimator=KMeans(algorithm='auto', copy_x=True, init='k-means++', max_iter=300,
       n_clusters=4, n_init=10, n_jobs=-1, precompute_distances='deprecated',
       random_state=7046, tol=0.0001, verbose=0), feature_name=None, fit_kwargs=None, groups=None, label=False, plot=cluster, plot_kwargs=None, save=False, scale=1, system=True)
2023-01-14 20:06:21,874:INFO:Checking exceptions
2023-01-14 20:06:21,876:INFO:Preparing display monitor
2023-01-14 20:06:21,883:INFO:Preloading libraries
2023-01-14 20:06:21,886:INFO:Copying training dataset
2023-01-14 20:06:23,300:INFO:Plot type: cluster
2023-01-14 20:06:23,314:INFO:SubProcess assign_model() called ==================================
2023-01-14 20:06:23,316:INFO:Initializing assign_model()
2023-01-14 20:06:23,316:INFO:assign_model(model=Pipeline(memory=None,
         steps=[('empty_step', 'passthrough'),
                ('actual_estimator',
                 KMeans(algorithm='auto', copy_x=True, init='k-means++',
                        max_iter=300, n_clusters=4, n_init=10, n_jobs=-1,
                        precompute_distances='deprecated', random_state=7046,
                        tol=0.0001, verbose=0))],
         verbose=False), transformation=True, score=True, verbose=False)
2023-01-14 20:06:23,316:INFO:Checking exceptions
2023-01-14 20:06:23,316:INFO:Determining Trained Model
2023-01-14 20:06:23,316:INFO:Trained Model : K-Means Clustering
2023-01-14 20:06:23,316:INFO:Copying data
2023-01-14 20:06:23,464:INFO:Transformation param set to True. Assigned clusters are attached on transformed dataset.
2023-01-14 20:06:23,475:INFO:(9800, 10877)
2023-01-14 20:06:23,475:INFO:assign_model() succesfully completed......................................
2023-01-14 20:06:23,691:INFO:SubProcess assign_model() end ==================================
2023-01-14 20:06:24,396:INFO:Fitting PCA()
2023-01-14 20:06:31,396:INFO:Sorting dataframe
2023-01-14 20:06:31,461:INFO:Rendering Visual
